<?xml version="1.0" encoding="UTF-8"?>
<!-- Generated by org.testng.reporters.JUnitXMLReporter -->
<testsuite ignored="0" hostname="FC-IN-6LTBQR3" failures="1" tests="1" name="Registration Test" time="9.65" errors="0" timestamp="2026-07-06T23:05:06 IST">
  <testcase classname="com.tests.Registration.RegistrationPageTest" name="verifySignUpUser" time="0.081">
    <failure type="java.lang.IllegalArgumentException" message="Keys to send should be a not null CharSequence">
      <![CDATA[java.lang.IllegalArgumentException: Keys to send should be a not null CharSequence
at org.openqa.selenium.remote.RemoteWebElement.sendKeys(RemoteWebElement.java:96)
at org.openqa.selenium.support.pagefactory.internal.LocatingElementHandler.invoke(LocatingElementHandler.java:51)
at jdk.proxy2/jdk.proxy2.$Proxy12.sendKeys(Unknown Source)
at com.pages.Registration.RegistrationPage.enterAndClickSignUpBtn(RegistrationPage.java:92)
at com.tests.Registration.RegistrationPageTest.verifySignUpUser(RegistrationPageTest.java:33)
at java.base/java.util.ArrayList.forEach(ArrayList.java:1597)
... Removed 27 stack frames]]>
    </failure>
  </testcase> <!-- verifySignUpUser -->
</testsuite> <!-- Registration Test -->
